<?xml version="1.0" encoding="UTF-8"?>
<!-- Generated by org.testng.reporters.JUnitReportReporter -->
<testsuite hostname="LAPTOP-4IP4GO2S" failures="0" tests="1" name="testcases.signUp" time="20.741" errors="0" timestamp="2023-08-05T16:46:39 IST" skipped="0">
  <testcase classname="testcases.signUp" name="verifySignup" time="20.741"/>
</testsuite> <!-- testcases.signUp -->
